\BOOKMARK [1][-]{section.1}{Introduction}{}% 1
\BOOKMARK [1][-]{section.2}{Environment}{}% 2
\BOOKMARK [1][-]{section.3}{Kernel Build and Boot}{}% 3
\BOOKMARK [2][-]{subsection.3.1}{Host Preparation}{section.3}% 4
\BOOKMARK [2][-]{subsection.3.2}{Source Tree}{section.3}% 5
\BOOKMARK [2][-]{subsection.3.3}{Kernel Configuration}{section.3}% 6
\BOOKMARK [2][-]{subsection.3.4}{Compilation}{section.3}% 7
\BOOKMARK [2][-]{subsection.3.5}{Installation}{section.3}% 8
\BOOKMARK [2][-]{subsection.3.6}{Bootloader Update}{section.3}% 9
\BOOKMARK [2][-]{subsection.3.7}{Boot Verification}{section.3}% 10
\BOOKMARK [1][-]{section.4}{Component Identification}{}% 11
\BOOKMARK [2][-]{subsection.4.1}{Selected Component}{section.4}% 12
\BOOKMARK [2][-]{subsection.4.2}{Call Graph: Allocation to Reclaim}{section.4}% 13
\BOOKMARK [2][-]{subsection.4.3}{Key Code Excerpts}{section.4}% 14
\BOOKMARK [2][-]{subsection.4.4}{Watermarks}{section.4}% 15
\BOOKMARK [2][-]{subsection.4.5}{kswapd vs. Direct Reclaim}{section.4}% 16
\BOOKMARK [2][-]{subsection.4.6}{Pressure Stall Information \(PSI\)}{section.4}% 17
\BOOKMARK [2][-]{subsection.4.7}{Hook Justification}{section.4}% 18
\BOOKMARK [1][-]{section.5}{Design and Alternative Methodologies}{}% 19
\BOOKMARK [1][-]{section.6}{Implementation}{}% 20
\BOOKMARK [1][-]{section.7}{Correctness and Safety}{}% 21
\BOOKMARK [1][-]{section.8}{Evaluation}{}% 22
\BOOKMARK [1][-]{section.9}{Conclusion}{}% 23
